
> qos-monorepo@ build:rust /Users/frederickdineen/qos
> cargo build --release --workspace

warning: /Users/frederickdineen/qos/Cargo.toml: unused manifest key: workspace.dev-dependencies
   Compiling proc-macro2 v1.0.106
   Compiling quote v1.0.46
   Compiling unicode-ident v1.0.24
   Compiling libc v0.2.186
   Compiling cfg-if v1.0.4
   Compiling serde_core v1.0.228
   Compiling serde v1.0.228
   Compiling version_check v0.9.5
   Compiling portable-atomic v1.13.1
   Compiling critical-section v1.2.0
   Compiling log v0.4.33
   Compiling pin-project-lite v0.2.17
   Compiling memchr v2.8.2
   Compiling generic-array v0.14.7
   Compiling zerocopy v0.8.52
   Compiling bytes v1.12.0
   Compiling stable_deref_trait v1.2.1
   Compiling scopeguard v1.2.0
   Compiling lock_api v0.4.14
   Compiling parking_lot_core v0.9.12
   Compiling futures-core v0.3.32
   Compiling subtle v2.6.1
   Compiling typenum v1.20.1
   Compiling once_cell v1.21.4
   Compiling futures-sink v0.3.32
   Compiling litemap v0.8.2
   Compiling writeable v0.6.3
   Compiling tracing-core v0.1.36
   Compiling icu_normalizer_data v2.2.0
   Compiling utf8_iter v1.0.4
   Compiling icu_properties_data v2.2.0
   Compiling percent-encoding v2.3.2
   Compiling futures-channel v0.3.32
   Compiling errno v0.3.14
   Compiling syn v2.0.118
   Compiling getrandom v0.2.17
   Compiling futures-io v0.3.32
   Compiling futures-task v0.3.32
   Compiling equivalent v1.0.2
   Compiling slab v0.4.12
   Compiling signal-hook-registry v1.4.8
   Compiling form_urlencoded v1.2.2
   Compiling cpufeatures v0.2.17
   Compiling mio v1.2.1
   Compiling socket2 v0.6.4
   Compiling anyhow v1.0.102
   Compiling bitflags v2.13.0
   Compiling crypto-common v0.1.7
   Compiling block-buffer v0.10.4
   Compiling digest v0.10.7
   Compiling rand_core v0.6.4
   Compiling byteorder v1.5.0
   Compiling thiserror v2.0.18
   Compiling semver v1.0.28
   Compiling sha2 v0.10.9
   Compiling either v1.16.0
   Compiling rustc_version v0.4.1
   Compiling itoa v1.0.18
   Compiling thiserror v1.0.69
   Compiling shlex v2.0.1
   Compiling find-msvc-tools v0.1.9
   Compiling curve25519-dalek v4.1.3
   Compiling data-encoding v2.11.0
   Compiling allocator-api2 v0.2.21
   Compiling foldhash v0.1.5
   Compiling signature v2.2.0
   Compiling ed25519 v2.2.3
   Compiling crossbeam-utils v0.8.21
   Compiling static_assertions v1.1.0
   Compiling heck v0.5.0
   Compiling hashbrown v0.15.5
   Compiling ahash v0.8.12
   Compiling jobserver v0.1.34
   Compiling itertools v0.13.0
   Compiling cc v1.2.65
   Compiling getrandom v0.4.3
   Compiling unsigned-varint v0.8.0
   Compiling hmac v0.12.1
   Compiling const-str v0.4.3
   Compiling hkdf v0.12.4
   Compiling multihash v0.19.5
   Compiling hashbrown v0.17.1
   Compiling base-x v0.2.11
   Compiling bs58 v0.5.1
   Compiling crc32fast v1.5.0
   Compiling quick-protobuf v0.8.1
   Compiling fnv v1.0.7
   Compiling unsigned-varint v0.7.2
   Compiling web-time v1.1.0
   Compiling futures-timer v3.0.4
   Compiling arrayref v0.3.9
   Compiling uuid v1.23.3
   Compiling ppv-lite86 v0.2.21
   Compiling indexmap v2.14.0
   Compiling crossbeam-epoch v0.9.18
   Compiling http v1.4.2
   Compiling zmij v1.0.21
   Compiling rand_chacha v0.3.1
   Compiling ring v0.17.14
   Compiling rand v0.8.6
   Compiling autocfg v1.5.1
   Compiling serde_json v1.0.150
   Compiling synstructure v0.13.2
   Compiling ipnet v2.12.0
   Compiling cranelift-isle v0.109.1
   Compiling hashlink v0.10.0
   Compiling httparse v1.10.1
   Compiling cranelift-codegen-shared v0.109.1
   Compiling target-lexicon v0.12.16
   Compiling cranelift-codegen-meta v0.109.1
   Compiling serde_derive v1.0.228
   Compiling zerofrom-derive v0.1.7
   Compiling yoke-derive v0.8.2
   Compiling zerovec-derive v0.11.3
   Compiling displaydoc v0.2.6
   Compiling zerofrom v0.1.8
   Compiling tracing-attributes v0.1.31
   Compiling futures-macro v0.3.32
   Compiling yoke v0.8.3
   Compiling tokio-macros v2.7.0
   Compiling zerovec v0.11.6
   Compiling zerotrie v0.2.4
   Compiling futures-util v0.3.32
   Compiling zeroize_derive v1.5.0
   Compiling thiserror-impl v2.0.18
   Compiling thiserror-impl v1.0.69
   Compiling tracing v0.1.44
   Compiling zeroize v1.9.0
   Compiling pin-project-internal v1.1.13
   Compiling tinystr v0.8.3
   Compiling icu_locale_core v2.2.0
   Compiling potential_utf v0.1.5
   Compiling icu_collections v2.2.0
   Compiling pin-project v1.1.13
   Compiling data-encoding-macro-internal v0.1.18
   Compiling icu_provider v2.2.0
   Compiling icu_properties v2.2.0
   Compiling smallvec v1.15.2
   Compiling ed25519-dalek v2.2.0
   Compiling prost-derive v0.14.4
   Compiling parking_lot v0.12.5
   Compiling icu_normalizer v2.2.0
   Compiling match-lookup v0.1.2
   Compiling data-encoding-macro v0.1.20
   Compiling tokio v1.52.3
   Compiling base256emoji v1.0.2
   Compiling hashbrown v0.14.5
   Compiling cranelift-entity v0.109.1
   Compiling libp2p-swarm-derive v0.35.1
   Compiling idna_adapter v1.2.2
   Compiling idna v1.1.0
   Compiling multibase v0.9.2
   Compiling untrusted v0.9.0
   Compiling url v2.5.8
   Compiling getrandom v0.3.4
   Compiling futures-executor v0.3.32
   Compiling prost v0.14.4
   Compiling pkg-config v0.3.33
   Compiling futures v0.3.32
   Compiling rw-stream-sink v0.4.0
   Compiling multistream-select v0.13.0
   Compiling qos-types v0.1.0 (/Users/frederickdineen/qos/crates/qos-types)
   Compiling zstd-sys v2.0.16+zstd.1.5.7
   Compiling libp2p-identity v0.2.14
   Compiling cranelift-codegen v0.109.1
   Compiling async-trait v0.1.89
   Compiling http-body v1.0.1
   Compiling gimli v0.28.1
   Compiling multiaddr v0.18.2
   Compiling hashbrown v0.13.2
   Compiling arbitrary v1.4.2
   Compiling slice-group-by v0.3.1
   Compiling libp2p-core v0.43.2
   Compiling tower-service v0.3.3
   Compiling parking_lot_core v0.8.6
   Compiling rustc-hash v1.1.0
   Compiling regalloc2 v0.9.3
   Compiling cranelift-control v0.109.1
   Compiling wasmparser v0.209.1
   Compiling cranelift-bforest v0.109.1
   Compiling instant v0.1.13
   Compiling core-foundation-sys v0.8.7
   Compiling rustix v0.38.44
   Compiling bumpalo v3.20.3
   Compiling rand_core v0.9.5
   Compiling asynchronous-codec v0.7.0
   Compiling cobs v0.3.0
   Compiling simd-adler32 v0.3.9
   Compiling zstd-safe v7.2.4
   Compiling object v0.36.7
   Compiling tower-layer v0.3.3
   Compiling rustversion v1.0.22
   Compiling base64 v0.22.1
   Compiling postcard v1.1.3
   Compiling libp2p-swarm v0.47.1
   Compiling rand_chacha v0.9.0
   Compiling parking_lot v0.11.2
   Compiling toml_datetime v0.6.11
   Compiling serde_spanned v0.6.9
   Compiling rustls-pki-types v1.14.1
   Compiling wasmtime-versioned-export-macros v22.0.1
   Compiling itertools v0.12.1
   Compiling fxhash v0.2.1
   Compiling fs2 v0.4.3
   Compiling paste v1.0.15
   Compiling adler2 v2.0.1
   Compiling winnow v0.7.15
   Compiling rayon-core v1.13.0
   Compiling try-lock v0.2.5
   Compiling toml_write v0.1.2
   Compiling hex v0.4.3
   Compiling leb128 v0.2.7
   Compiling wasm-encoder v0.209.1
   Compiling want v0.3.1
   Compiling wasmtime-types v22.0.1
   Compiling wasmprinter v0.209.1
   Compiling toml_edit v0.22.27
   Compiling miniz_oxide v0.8.9
   Compiling sled v0.34.7
   Compiling rand v0.9.4
   Compiling quick-protobuf-codec v0.3.1
   Compiling core-foundation v0.9.4
   Compiling futures-bounded v0.2.4
   Compiling num-traits v0.2.19
   Compiling memoffset v0.9.1
   Compiling crossbeam-deque v0.8.6
   Compiling dirs-sys-next v0.1.2
   Compiling sync_wrapper v1.0.2
   Compiling aho-corasick v1.1.4
   Compiling rustls v0.23.41
   Compiling libm v0.2.16
   Compiling wasmtime-cache v22.0.1
   Compiling rustix v1.1.4
   Compiling regex-syntax v0.8.11
   Compiling httpdate v1.0.3
   Compiling ryu v1.0.23
   Compiling base64 v0.21.7
   Compiling system-configuration-sys v0.6.0
   Compiling atomic-waker v1.1.2
   Compiling regex-automata v0.4.14
   Compiling hyper v1.10.1
   Compiling wasmtime-environ v22.0.1
   Compiling qos-state v0.1.0 (/Users/frederickdineen/qos/crates/qos-state)
warning: unused import: `warn`
 --> crates/qos-state/src/store.rs:5:22
  |
5 | use tracing::{debug, warn};
