
> marketing@0.1.0 build /Users/frederickdineen/qos/apps/marketing
> next build

⚠ Warning: Next.js inferred your workspace root, but it may not be correct.
 We detected multiple lockfiles and selected the directory of /Users/frederickdineen/package-lock.json as the root directory.
 To silence this warning, set `turbopack.root` in your Next.js config, or consider removing one of the lockfiles if it's not needed.
   See https://nextjs.org/docs/app/api-reference/config/next-config-js/turbopack#root-directory for more information.
 Detected additional lockfiles: 
   * /Users/frederickdineen/qos/pnpm-workspace.yaml

▲ Next.js 16.2.9 (Turbopack)

  Creating an optimized production build ...
✓ Compiled successfully in 10.5s
  Running TypeScript ...

  We detected TypeScript in your project and reconfigured your tsconfig.json file for you.
  The following suggested values were added to your tsconfig.json. These values can be changed to fit your project's needs:

  	- include was updated to add '.next/dev/types/**/*.ts'

  The following mandatory changes were made to your tsconfig.json:

  	- jsx was set to react-jsx (next.js uses the React automatic runtime)

  Finished TypeScript in 9.3s ...
  Collecting page data using 7 workers ...
⚠ Using edge runtime on a page currently disables static generation for that page
  Generating static pages using 7 workers (0/29) ...
  Generating static pages using 7 workers (7/29) 
  Generating static pages using 7 workers (14/29) 
  Generating static pages using 7 workers (21/29) 
✓ Generating static pages using 7 workers (29/29) in 978ms
  Finalizing page optimization ...

Route (app)
┌ ○ /
├ ○ /_not-found
├ ƒ /api/registry/checkout
├ ○ /developers
├ ○ /docs
├ ○ /docs/architecture
├ ○ /docs/architecture/crdt
├ ○ /docs/architecture/edge-node
├ ○ /docs/architecture/sled
├ ○ /docs/architecture/websocket
├ ○ /docs/first-module
├ ○ /docs/installation
├ ○ /docs/quick-start
├ ○ /docs/sdk-reference
├ ○ /docs/sdk-reference/errors
├ ○ /docs/sdk-reference/read-input
├ ○ /docs/sdk-reference/state-get
├ ○ /docs/sdk-reference/state-set
├ ○ /docs/sdk-reference/write-output
├ ○ /docs/wasm-guides
├ ○ /docs/wasm-guides/broadcast
├ ○ /docs/wasm-guides/guestbook
├ ○ /docs/wasm-guides/inventory
├ ○ /docs/wasm-guides/menu
├ ○ /docs/wasm-guides/vip
├ ○ /features
├ ƒ /m/[slug]
├ ƒ /og
├ ○ /pricing
└ ○ /registry


○  (Static)   prerendered as static content
ƒ  (Dynamic)  server-rendered on demand

